# JRE version: OpenJDK Runtime Environment (7.0_65-b32) (build 1.7.0_65-b32)
# Java VM: OpenJDK 64-Bit Server VM (24.65-b04 mixed mode linux-amd64 compressed oops)
Heap
 PSYoungGen      total 68608K, used 10735K [0x00000007d7600000, 0x00000007dbe00000, 0x0000000800000000)
  eden space 63488K, 8% used [0x00000007d7600000,0x00000007d7b80c88,0x00000007db400000)
  from space 5120K, 99% used [0x00000007db900000,0x00000007dbdfb2b8,0x00000007dbe00000)
  to   space 5120K, 0% used [0x00000007db400000,0x00000007db400000,0x00000007db900000)
 ParOldGen       total 82944K, used 1778K [0x0000000786200000, 0x000000078b300000, 0x00000007d7600000)
  object space 82944K, 2% used [0x0000000786200000,0x00000007863bcb20,0x000000078b300000)
 PSPermGen       total 21504K, used 17665K [0x000000077bc00000, 0x000000077d100000, 0x0000000786200000)
  object space 21504K, 82% used [0x000000077bc00000,0x000000077cd40670,0x000000077d100000)
GC Heap History (4 events):
Event: 1.001 GC heap before
{Heap before GC invocations=1 (full 0):
 PSYoungGen      total 36864K, used 31744K [0x00000007d7600000, 0x00000007d9f00000, 0x0000000800000000)
  eden space 31744K, 100% used [0x00000007d7600000,0x00000007d9500000,0x00000007d9500000)
  from space 5120K, 0% used [0x00000007d9a00000,0x00000007d9a00000,0x00000007d9f00000)
  to   space 5120K, 0% used [0x00000007d9500000,0x00000007d9500000,0x00000007d9a00000)
 ParOldGen       total 82944K, used 0K [0x0000000786200000, 0x000000078b300000, 0x00000007d7600000)
  object space 82944K, 0% used [0x0000000786200000,0x0000000786200000,0x000000078b300000)
 PSPermGen       total 21504K, used 9253K [0x000000077bc00000, 0x000000077d100000, 0x0000000786200000)
  object space 21504K, 43% used [0x000000077bc00000,0x000000077c509730,0x000000077d100000)
Event: 1.015 GC heap after
Heap after GC invocations=1 (full 0):
 PSYoungGen      total 36864K, used 4589K [0x00000007d7600000, 0x00000007dbe00000, 0x0000000800000000)
  eden space 31744K, 0% used [0x00000007d7600000,0x00000007d7600000,0x00000007d9500000)
  from space 5120K, 89% used [0x00000007d9500000,0x00000007d997b578,0x00000007d9a00000)
  to   space 5120K, 0% used [0x00000007db900000,0x00000007db900000,0x00000007dbe00000)
 ParOldGen       total 82944K, used 0K [0x0000000786200000, 0x000000078b300000, 0x00000007d7600000)
  object space 82944K, 0% used [0x0000000786200000,0x0000000786200000,0x000000078b300000)
 PSPermGen       total 21504K, used 9253K [0x000000077bc00000, 0x000000077d100000, 0x0000000786200000)
  object space 21504K, 43% used [0x000000077bc00000,0x000000077c509730,0x000000077d100000)
}
Event: 3.353 GC heap before
{Heap before GC invocations=2 (full 0):
 PSYoungGen      total 36864K, used 36333K [0x00000007d7600000, 0x00000007dbe00000, 0x0000000800000000)
  eden space 31744K, 100% used [0x00000007d7600000,0x00000007d9500000,0x00000007d9500000)
  from space 5120K, 89% used [0x00000007d9500000,0x00000007d997b578,0x00000007d9a00000)
  to   space 5120K, 0% used [0x00000007db900000,0x00000007db900000,0x00000007dbe00000)
 ParOldGen       total 82944K, used 0K [0x0000000786200000, 0x000000078b300000, 0x00000007d7600000)
  object space 82944K, 0% used [0x0000000786200000,0x0000000786200000,0x000000078b300000)
 PSPermGen       total 21504K, used 17217K [0x000000077bc00000, 0x000000077d100000, 0x0000000786200000)
  object space 21504K, 80% used [0x000000077bc00000,0x000000077ccd0410,0x000000077d100000)
Event: 3.376 GC heap after
Heap after GC invocations=2 (full 0):
 PSYoungGen      total 68608K, used 5100K [0x00000007d7600000, 0x00000007dbe00000, 0x0000000800000000)
  eden space 63488K, 0% used [0x00000007d7600000,0x00000007d7600000,0x00000007db400000)
  from space 5120K, 99% used [0x00000007db900000,0x00000007dbdfb2b8,0x00000007dbe00000)
  to   space 5120K, 0% used [0x00000007db400000,0x00000007db400000,0x00000007db900000)
 ParOldGen       total 82944K, used 1778K [0x0000000786200000, 0x000000078b300000, 0x00000007d7600000)
  object space 82944K, 2% used [0x0000000786200000,0x00000007863bcb20,0x000000078b300000)
 PSPermGen       total 21504K, used 17217K [0x000000077bc00000, 0x000000077d100000, 0x0000000786200000)
  object space 21504K, 80% used [0x000000077bc00000,0x000000077ccd0410,0x000000077d100000)
}

